This file contains any messages produced by compilers while
running configure, to aid debugging if configure makes a mistake.

It was created by phyml configure v3.0 (179M), which was
generated by GNU Autoconf 2.61.  Invocation command line was

  $ ./configure CC=gcc-4.2

## --------- ##
## Platform. ##
## --------- ##

hostname = d43-121.uoregon.edu
uname -m = i386
uname -r = 9.7.0
uname -s = Darwin
uname -v = Darwin Kernel Version 9.7.0: Tue Mar 31 22:52:17 PDT 2009; root:xnu-1228.12.14~1/RELEASE_I386

/usr/bin/uname -p = i386
/bin/uname -X     = unknown

/bin/arch              = unknown
/usr/bin/arch -k       = unknown
/usr/convex/getsysinfo = unknown
/usr/bin/hostinfo      = Mach kernel version:
	 Darwin Kernel Version 9.7.0: Tue Mar 31 22:52:17 PDT 2009; root:xnu-1228.12.14~1/RELEASE_I386
Kernel configured for up to 2 processors.
2 processors are physically available.
2 processors are logically available.
Processor type: i486 (Intel 80486)
Processors active: 0 1
Primary memory available: 4.00 gigabytes
Default processor set: 139 tasks, 505 threads, 2 processors
Load average: 1.19, Mach factor: 1.17
/bin/machine           = unknown
/usr/bin/oslevel       = unknown
/bin/universe          = unknown

PATH: /Library/Frameworks/Python.framework/Versions/3.0/bin
PATH: /usr/local/cuda/bin
PATH: /usr/bin
PATH: /bin
PATH: /usr/sbin
PATH: /sbin
PATH: /usr/local/bin
PATH: /usr/texbin
PATH: /usr/X11/bin
PATH: /Applications/TAU/tau/apple/bin
PATH: /Users/jstjohn/.amazon/ec2-api-tools-1.3-34128/bin
PATH: /Users/jstjohn/.amazon/ec2-keypair
PATH: /Users/jstjohn/.amazon/bin
PATH: /Applications/sage
PATH: /Users/jstjohn/bin
PATH: /usr/local/blast-2.2.18/bin/
PATH: /usr/local/RAxML-7.0.4/
PATH: /opt/local/bin/
PATH: /Applications/PLT_Scheme_v4.1.1/bin
PATH: /usr/local/smlnj-110.68/bin
PATH: /usr/X11/bin
PATH: /Users/jstjohn/paradiseo-ix86-1.0/libxml2/bin
PATH: /Users/jstjohn/paradiseo-ix86-1.0/mpich2/bin
PATH: /Users/jstjohn/paradiseo-ix86-1.0/libxml2/bin
PATH: /Users/jstjohn/paradiseo-ix86-1.0/mpich2/bin
PATH: /opt/local/var/macports/software/gmp-ecm/6.2.3_0/opt/local/bin
PATH: /Applications/Mathematica.app/Contents/MacOS
PATH: /usr/src/android/android-sdk-mac_x86-1.5_r2/tools
PATH: /Applications/Graphviz.app/Contents/MacOS
PATH: /usr/bin/pear/bin
PATH: /usr/local/include/boost-1_37
PATH: /usr/src/android/android-sdk-mac_x86-1.1_r1/tools
PATH: /usr/local/cuda/bin
PATH: /usr/src/pdtoolkit-3.14.1/apple/bin
PATH: /opt/local/var/macports/software/binutils/2.19_0/opt/local/i386-apple-darwin9.7.0/bin/
PATH: /opt/local/var/macports/software/binutils/2.19_0/opt/local/bin/
PATH: /opt/local/var/macports/software/binutils/2.19_0/opt/local/include/


## ----------- ##
## Core tests. ##
## ----------- ##

configure:1739: checking for a BSD-compatible install
configure:1795: result: /usr/bin/install -c
configure:1806: checking whether build environment is sane
configure:1849: result: yes
configure:1873: WARNING: `missing' script is too old or missing
configure:1877: checking for a thread-safe mkdir -p
configure:1916: result: ./install-sh -c -d
configure:1929: checking for gawk
configure:1959: result: no
configure:1929: checking for mawk
configure:1959: result: no
configure:1929: checking for nawk
configure:1959: result: no
configure:1929: checking for awk
configure:1945: found /usr/bin/awk
configure:1956: result: awk
configure:1967: checking whether make sets $(MAKE)
configure:1988: result: yes
configure:2224: checking for gcc
configure:2251: result: gcc-4.2
configure:2489: checking for C compiler version
configure:2496: gcc-4.2 --version >&5
i686-apple-darwin9-gcc-4.2.1 (GCC) 4.2.1 (Apple Inc. build 5574)
Copyright (C) 2007 Free Software Foundation, Inc.
This is free software; see the source for copying conditions.  There is NO
warranty; not even for MERCHANTABILITY or FITNESS FOR A PARTICULAR PURPOSE.

configure:2499: $? = 0
configure:2506: gcc-4.2 -v >&5
Using built-in specs.
Target: i686-apple-darwin9
Configured with: /var/tmp/gcc_42/gcc_42-5574~1/src/configure --disable-checking --enable-werror --prefix=/usr --mandir=/usr/share/man --enable-languages=c,objc,c++,obj-c++ --program-transform-name=/^[cg][^.-]*$/s/$/-4.2/ --with-slibdir=/usr/lib --build=i686-apple-darwin9 --with-gxx-include-dir=/usr/include/c++/4.0.0 --host=i686-apple-darwin9 --target=i686-apple-darwin9
Thread model: posix
gcc version 4.2.1 (Apple Inc. build 5574)
configure:2509: $? = 0
configure:2516: gcc-4.2 -V >&5
gcc-4.2: argument to `-V' is missing
configure:2519: $? = 1
configure:2542: checking for C compiler default output file name
configure:2569: gcc-4.2    conftest.c  >&5
configure:2572: $? = 0
configure:2610: result: a.out
configure:2627: checking whether the C compiler works
configure:2637: ./a.out
configure:2640: $? = 0
configure:2657: result: yes
configure:2664: checking whether we are cross compiling
configure:2666: result: no
configure:2669: checking for suffix of executables
configure:2676: gcc-4.2 -o conftest    conftest.c  >&5
configure:2679: $? = 0
configure:2703: result: 
configure:2709: checking for suffix of object files
configure:2735: gcc-4.2 -c   conftest.c >&5
configure:2738: $? = 0
configure:2761: result: o
configure:2765: checking whether we are using the GNU C compiler
configure:2794: gcc-4.2 -c   conftest.c >&5
configure:2800: $? = 0
configure:2817: result: yes
configure:2822: checking whether gcc-4.2 accepts -g
configure:2852: gcc-4.2 -c -g  conftest.c >&5
configure:2858: $? = 0
configure:2957: result: yes
configure:2974: checking for gcc-4.2 option to accept ISO C89
configure:3048: gcc-4.2  -c -g -O2  conftest.c >&5
configure:3054: $? = 0
configure:3077: result: none needed
configure:3106: checking for style of include used by make
configure:3134: result: GNU
configure:3159: checking dependency style of gcc-4.2
configure:3250: result: gcc3
configure:3323: checking for g++
configure:3339: found /usr/bin/g++
configure:3350: result: g++
configure:3381: checking for C++ compiler version
configure:3388: g++ --version >&5
i686-apple-darwin9-g++-4.0.1 (GCC) 4.0.1 (Apple Inc. build 5493)
Copyright (C) 2005 Free Software Foundation, Inc.
This is free software; see the source for copying conditions.  There is NO
warranty; not even for MERCHANTABILITY or FITNESS FOR A PARTICULAR PURPOSE.

configure:3391: $? = 0
configure:3398: g++ -v >&5
Using built-in specs.
Target: i686-apple-darwin9
Configured with: /var/tmp/gcc/gcc-5493~1/src/configure --disable-checking -enable-werror --prefix=/usr --mandir=/share/man --enable-languages=c,objc,c++,obj-c++ --program-transform-name=/^[cg][^.-]*$/s/$/-4.0/ --with-gxx-include-dir=/include/c++/4.0.0 --with-slibdir=/usr/lib --build=i686-apple-darwin9 --with-arch=apple --with-tune=generic --host=i686-apple-darwin9 --target=i686-apple-darwin9
Thread model: posix
gcc version 4.0.1 (Apple Inc. build 5493)
configure:3401: $? = 0
configure:3408: g++ -V >&5
g++-4.0: argument to `-V' is missing
configure:3411: $? = 1
configure:3414: checking whether we are using the GNU C++ compiler
configure:3443: g++ -c   conftest.cpp >&5
configure:3449: $? = 0
configure:3466: result: yes
configure:3471: checking whether g++ accepts -g
configure:3501: g++ -c -g  conftest.cpp >&5
configure:3507: $? = 0
configure:3606: result: yes
configure:3631: checking dependency style of g++
configure:3722: result: gcc3
configure:3890: creating ./config.status

## ---------------------- ##
## Running config.status. ##
## ---------------------- ##

This file was extended by phyml config.status v3.0 (179M), which was
generated by GNU Autoconf 2.61.  Invocation command line was

  CONFIG_FILES    = 
  CONFIG_HEADERS  = 
  CONFIG_LINKS    = 
  CONFIG_COMMANDS = 
  $ ./config.status 

on d43-121.uoregon.edu

config.status:621: creating Makefile
config.status:812: executing depfiles commands

## ---------------- ##
## Cache variables. ##
## ---------------- ##

ac_cv_c_compiler_gnu=yes
ac_cv_cxx_compiler_gnu=yes
ac_cv_env_CCC_set=
ac_cv_env_CCC_value=
ac_cv_env_CC_set=set
ac_cv_env_CC_value=gcc-4.2
ac_cv_env_CFLAGS_set=
ac_cv_env_CFLAGS_value=
ac_cv_env_CPPFLAGS_set=
ac_cv_env_CPPFLAGS_value=
ac_cv_env_CXXFLAGS_set=
ac_cv_env_CXXFLAGS_value=
ac_cv_env_CXX_set=
ac_cv_env_CXX_value=
ac_cv_env_LDFLAGS_set=
ac_cv_env_LDFLAGS_value=
ac_cv_env_LIBS_set=
ac_cv_env_LIBS_value=
ac_cv_env_build_alias_set=
ac_cv_env_build_alias_value=
ac_cv_env_host_alias_set=
ac_cv_env_host_alias_value=
ac_cv_env_target_alias_set=
ac_cv_env_target_alias_value=
ac_cv_objext=o
ac_cv_path_install='/usr/bin/install -c'
ac_cv_prog_AWK=awk
ac_cv_prog_ac_ct_CC=gcc-4.2
ac_cv_prog_ac_ct_CXX=g++
ac_cv_prog_cc_c89=
ac_cv_prog_cc_g=yes
ac_cv_prog_cxx_g=yes
ac_cv_prog_make_make_set=yes
am_cv_CC_dependencies_compiler_type=gcc3
am_cv_CXX_dependencies_compiler_type=gcc3

## ----------------- ##
## Output variables. ##
## ----------------- ##

ACLOCAL='aclocal-1.10'
AMDEPBACKSLASH='\'
AMDEP_FALSE='#'
AMDEP_TRUE=''
AMTAR='tar'
AUTOCONF='autoconf'
AUTOHEADER='autoheader'
AUTOMAKE='automake-1.10'
AWK='awk'
CC='gcc-4.2'
CCDEPMODE='depmode=gcc3'
CFLAGS='-g -O2'
CPPFLAGS=''
CXX='g++'
CXXDEPMODE='depmode=gcc3'
CXXFLAGS='-g -O2'
CYGPATH_W='echo'
DEFS='-DPACKAGE_NAME=\"phyml\" -DPACKAGE_TARNAME=\"phyml\" -DPACKAGE_VERSION=\"v3.0\ \(179M\)\" -DPACKAGE_STRING=\"phyml\ v3.0\ \(179M\)\" -DPACKAGE_BUGREPORT=\"\" -DPACKAGE=\"phyml\" -DVERSION=\"v3.0\ \(179M\)\"'
DEPDIR='.deps'
ECHO_C='ECHO_N=''
ECHO_T=''
EXEEXT=''
INSTALL_DATA='${INSTALL} -m 644'
INSTALL_PROGRAM='${INSTALL}'
INSTALL_SCRIPT='${INSTALL}'
INSTALL_STRIP_PROGRAM='$(install_sh) -c -s'
LDFLAGS=''
LIBOBJS=''
LIBS=''
LTLIBOBJS=''
MAKEINFO='makeinfo'
OBJEXT='o'
PACKAGE='phyml'
PACKAGE_BUGREPORT=''
PACKAGE_NAME='phyml'
PACKAGE_STRING='phyml v3.0 (179M)'
PACKAGE_TARNAME='phyml'
PACKAGE_VERSION='v3.0 (179M)'
PATH_SEPARATOR=':'
SET_MAKE=''
SHELL='/bin/sh'
STRIP=''
VERSION='v3.0 (179M)'
ac_ct_CC='gcc-4.2'
ac_ct_CXX='g++'
am__fastdepCC_FALSE='#'
am__fastdepCC_TRUE=''
am__fastdepCXX_FALSE='#'
am__fastdepCXX_TRUE=''
am__include='include'
am__isrc=''
am__leading_dot='.'
am__quote=''
am__tar='${AMTAR} chof - "$$tardir"'
am__untar='${AMTAR} xf -'
bindir='${exec_prefix}/bin'
build_alias=''
datadir='${datarootdir}'
datarootdir='${prefix}/share'
docdir='${datarootdir}/doc/${PACKAGE_TARNAME}'
dvidir='${docdir}'
exec_prefix='${prefix}'
host_alias=''
htmldir='${docdir}'
includedir='${prefix}/include'
infodir='${datarootdir}/info'
install_sh='$(SHELL) /Users/jstjohn/Documents/workspace/m3l/install-sh'
libdir='${exec_prefix}/lib'
libexecdir='${exec_prefix}/libexec'
localedir='${datarootdir}/locale'
localstatedir='${prefix}/var'
mandir='${datarootdir}/man'
mkdir_p='$(top_builddir)/./install-sh -c -d'
oldincludedir='/usr/include'
pdfdir='${docdir}'
prefix='/usr/local'
program_transform_name='s,x,x,'
psdir='${docdir}'
sbindir='${exec_prefix}/sbin'
sharedstatedir='${prefix}/com'
sysconfdir='${prefix}/etc'
target_alias=''

## ----------- ##
## confdefs.h. ##
## ----------- ##

#define PACKAGE_NAME "phyml"
#define PACKAGE_TARNAME "phyml"
#define PACKAGE_VERSION "v3.0 (179M)"
#define PACKAGE_STRING "phyml v3.0 (179M)"
#define PACKAGE_BUGREPORT ""
#define PACKAGE "phyml"
#define VERSION "v3.0 (179M)"

configure: exit 0

## ---------------------- ##
## Running config.status. ##
## ---------------------- ##

This file was extended by phyml config.status v3.0 (179M), which was
generated by GNU Autoconf 2.61.  Invocation command line was

  CONFIG_FILES    = 
  CONFIG_HEADERS  = 
  CONFIG_LINKS    = 
  CONFIG_COMMANDS = 
  $ ./config.status Makefile depfiles

on d43-6.uoregon.edu

config.status:621: creating Makefile
config.status:812: executing depfiles commands

## ---------------------- ##
## Running config.status. ##
## ---------------------- ##

This file was extended by phyml config.status v3.0 (179M), which was
generated by GNU Autoconf 2.61.  Invocation command line was

  CONFIG_FILES    = 
  CONFIG_HEADERS  = 
  CONFIG_LINKS    = 
  CONFIG_COMMANDS = 
  $ ./config.status Makefile depfiles

on d43-104.uoregon.edu

config.status:621: creating Makefile
config.status:812: executing depfiles commands

## ---------------------- ##
## Running config.status. ##
## ---------------------- ##

This file was extended by phyml config.status v3.0 (179M), which was
generated by GNU Autoconf 2.61.  Invocation command line was

  CONFIG_FILES    = 
  CONFIG_HEADERS  = 
  CONFIG_LINKS    = 
  CONFIG_COMMANDS = 
  $ ./config.status Makefile depfiles

on d43-104.uoregon.edu

config.status:621: creating Makefile
config.status:812: executing depfiles commands

## ---------------------- ##
## Running config.status. ##
## ---------------------- ##

This file was extended by phyml config.status v3.0 (179M), which was
generated by GNU Autoconf 2.61.  Invocation command line was

  CONFIG_FILES    = 
  CONFIG_HEADERS  = 
  CONFIG_LINKS    = 
  CONFIG_COMMANDS = 
  $ ./config.status Makefile depfiles

on johnstjohn-2.local

config.status:621: creating Makefile
config.status:812: executing depfiles commands

## ---------------------- ##
## Running config.status. ##
## ---------------------- ##

This file was extended by phyml config.status v3.0 (179M), which was
generated by GNU Autoconf 2.61.  Invocation command line was

  CONFIG_FILES    = 
  CONFIG_HEADERS  = 
  CONFIG_LINKS    = 
  CONFIG_COMMANDS = 
  $ ./config.status Makefile depfiles

on johnstjohn-2.local

config.status:621: creating Makefile
config.status:812: executing depfiles commands

## ---------------------- ##
## Running config.status. ##
## ---------------------- ##

This file was extended by phyml config.status v3.0 (179M), which was
generated by GNU Autoconf 2.61.  Invocation command line was

  CONFIG_FILES    = 
  CONFIG_HEADERS  = 
  CONFIG_LINKS    = 
  CONFIG_COMMANDS = 
  $ ./config.status Makefile depfiles

on johnstjohn-2.local

config.status:621: creating Makefile
config.status:812: executing depfiles commands

## ---------------------- ##
## Running config.status. ##
## ---------------------- ##

This file was extended by phyml config.status v3.0 (179M), which was
generated by GNU Autoconf 2.61.  Invocation command line was

  CONFIG_FILES    = 
  CONFIG_HEADERS  = 
  CONFIG_LINKS    = 
  CONFIG_COMMANDS = 
  $ ./config.status Makefile depfiles

on johnstjohn-2.local

config.status:621: creating Makefile
config.status:812: executing depfiles commands

## ---------------------- ##
## Running config.status. ##
## ---------------------- ##

This file was extended by phyml config.status v3.0 (179M), which was
generated by GNU Autoconf 2.61.  Invocation command line was

  CONFIG_FILES    = 
  CONFIG_HEADERS  = 
  CONFIG_LINKS    = 
  CONFIG_COMMANDS = 
  $ ./config.status Makefile depfiles

on johnstjohn-2.local

config.status:621: creating Makefile
config.status:812: executing depfiles commands

## ---------------------- ##
## Running config.status. ##
## ---------------------- ##

This file was extended by phyml config.status v3.0 (179M), which was
generated by GNU Autoconf 2.61.  Invocation command line was

  CONFIG_FILES    = 
  CONFIG_HEADERS  = 
  CONFIG_LINKS    = 
  CONFIG_COMMANDS = 
  $ ./config.status Makefile depfiles

on johnstjohn-2.local

config.status:621: creating Makefile
config.status:812: executing depfiles commands

## ---------------------- ##
## Running config.status. ##
## ---------------------- ##

This file was extended by phyml config.status v3.0 (179M), which was
generated by GNU Autoconf 2.61.  Invocation command line was

  CONFIG_FILES    = 
  CONFIG_HEADERS  = 
  CONFIG_LINKS    = 
  CONFIG_COMMANDS = 
  $ ./config.status Makefile depfiles

on johnstjohn-2.local

config.status:621: creating Makefile
config.status:812: executing depfiles commands

## ---------------------- ##
## Running config.status. ##
## ---------------------- ##

This file was extended by phyml config.status v3.0 (179M), which was
generated by GNU Autoconf 2.61.  Invocation command line was

  CONFIG_FILES    = 
  CONFIG_HEADERS  = 
  CONFIG_LINKS    = 
  CONFIG_COMMANDS = 
  $ ./config.status Makefile depfiles

on johnstjohn-2.local

config.status:621: creating Makefile
config.status:812: executing depfiles commands

## ---------------------- ##
## Running config.status. ##
## ---------------------- ##

This file was extended by phyml config.status v3.0 (179M), which was
generated by GNU Autoconf 2.61.  Invocation command line was

  CONFIG_FILES    = 
  CONFIG_HEADERS  = 
  CONFIG_LINKS    = 
  CONFIG_COMMANDS = 
  $ ./config.status Makefile depfiles

on johnstjohn-2.local

config.status:621: creating Makefile
config.status:812: executing depfiles commands

## ---------------------- ##
## Running config.status. ##
## ---------------------- ##

This file was extended by phyml config.status v3.0 (179M), which was
generated by GNU Autoconf 2.61.  Invocation command line was

  CONFIG_FILES    = 
  CONFIG_HEADERS  = 
  CONFIG_LINKS    = 
  CONFIG_COMMANDS = 
  $ ./config.status Makefile depfiles

on johnstjohn-2.local

config.status:621: creating Makefile
config.status:812: executing depfiles commands

## ---------------------- ##
## Running config.status. ##
## ---------------------- ##

This file was extended by phyml config.status v3.0 (179M), which was
generated by GNU Autoconf 2.61.  Invocation command line was

  CONFIG_FILES    = 
  CONFIG_HEADERS  = 
  CONFIG_LINKS    = 
  CONFIG_COMMANDS = 
  $ ./config.status Makefile depfiles

on johnstjohn-2.local

config.status:621: creating Makefile
config.status:812: executing depfiles commands
