This is pdfTeXk, Version 3.141592-1.40.3 (Web2C 7.5.6) (format=pdflatex 2007.2.11)  11 DEC 2009 13:33
entering extended mode
\write18 enabled.
 %&-line parsing enabled.
**phyml+m3l_user_doc.tex
(./phyml+m3l_user_doc.tex
LaTeX2e <2005/12/01>
Babel <v3.8h> and hyphenation patterns for english, usenglishmax, dumylang, noh
yphenation, arabic, basque, bulgarian, coptic, welsh, czech, slovak, german, ng
erman, danish, esperanto, spanish, catalan, galician, estonian, farsi, finnish,
 french, greek, monogreek, ancientgreek, croatian, hungarian, interlingua, ibyc
us, indonesian, icelandic, italian, latin, mongolian, dutch, norsk, polish, por
tuguese, pinyin, romanian, russian, slovenian, uppersorbian, serbian, swedish, 
turkish, ukenglish, ukrainian, loaded.
(/usr/local/texlive/2007/texmf-dist/tex/latex/base/article.cls
Document Class: article 2005/09/16 v1.4f Standard LaTeX document class
(/usr/local/texlive/2007/texmf-dist/tex/latex/base/size11.clo
File: size11.clo 2005/09/16 v1.4f Standard LaTeX file (size option)
)
\c@part=\count79
\c@section=\count80
\c@subsection=\count81
\c@subsubsection=\count82
\c@paragraph=\count83
\c@subparagraph=\count84
\c@figure=\count85
\c@table=\count86
\abovecaptionskip=\skip41
\belowcaptionskip=\skip42
\bibindent=\dimen102
)
(/usr/local/texlive/2007/texmf-dist/tex/latex/graphics/graphicx.sty
Package: graphicx 1999/02/16 v1.0f Enhanced LaTeX Graphics (DPC,SPQR)

(/usr/local/texlive/2007/texmf-dist/tex/latex/graphics/keyval.sty
Package: keyval 1999/03/16 v1.13 key=value parser (DPC)
\KV@toks@=\toks14
)
(/usr/local/texlive/2007/texmf-dist/tex/latex/graphics/graphics.sty
Package: graphics 2006/02/20 v1.0o Standard LaTeX Graphics (DPC,SPQR)

(/usr/local/texlive/2007/texmf-dist/tex/latex/graphics/trig.sty
Package: trig 1999/03/16 v1.09 sin cos tan (DPC)
)
(/usr/local/texlive/2007/texmf/tex/latex/config/graphics.cfg
File: graphics.cfg 2007/01/18 v1.5 graphics configuration of teTeX/TeXLive
)
Package graphics Info: Driver file: pdftex.def on input line 90.

(/usr/local/texlive/2007/texmf-dist/tex/latex/pdftex-def/pdftex.def
File: pdftex.def 2007/01/08 v0.04d Graphics/color for pdfTeX
\Gread@gobject=\count87
))
\Gin@req@height=\dimen103
\Gin@req@width=\dimen104
)
(/usr/local/texlive/2007/texmf-dist/tex/latex/graphics/epsfig.sty
Package: epsfig 1999/02/16 v1.7a (e)psfig emulation (SPQR)
\epsfxsize=\dimen105
\epsfysize=\dimen106
)
(/usr/local/texlive/2007/texmf-dist/tex/latex/clrscode/clrscode.sty
Package: clrscode 

(/usr/local/texlive/2007/texmf-dist/tex/latex/base/latexsym.sty
Package: latexsym 1998/08/17 v2.2e Standard LaTeX package (lasy symbols)
\symlasy=\mathgroup4
LaTeX Font Info:    Overwriting symbol font `lasy' in version `bold'
(Font)                  U/lasy/m/n --> U/lasy/b/n on input line 47.
)
\c@codelinenumber=\count88
\c@indent=\count89
\digitwidth=\skip43
\savecode=\box26
\codeboxwidth=\skip44
\c@thisindent=\count90
)
(/usr/local/texlive/2007/texmf-dist/tex/latex/setspace/setspace.sty
Package: setspace 2000/12/01 6.7 Contributed and Supported LaTeX2e package

Package: `setspace' 6.7 <2000/12/01>
) (/usr/local/texlive/2007/texmf-dist/tex/latex/natbib/natbib.sty
Package: natbib 2007/02/05 8.0 (PWD)
\bibhang=\skip45
\bibsep=\skip46
LaTeX Info: Redefining \cite on input line 602.
\c@NAT@ctr=\count91
)
(./phyml+m3l_user_doc.aux)
\openout1 = `phyml+m3l_user_doc.aux'.

LaTeX Font Info:    Checking defaults for OML/cmm/m/it on input line 29.
LaTeX Font Info:    ... okay on input line 29.
LaTeX Font Info:    Checking defaults for T1/cmr/m/n on input line 29.
LaTeX Font Info:    ... okay on input line 29.
LaTeX Font Info:    Checking defaults for OT1/cmr/m/n on input line 29.
LaTeX Font Info:    ... okay on input line 29.
LaTeX Font Info:    Checking defaults for OMS/cmsy/m/n on input line 29.
LaTeX Font Info:    ... okay on input line 29.
LaTeX Font Info:    Checking defaults for OMX/cmex/m/n on input line 29.
LaTeX Font Info:    ... okay on input line 29.
LaTeX Font Info:    Checking defaults for U/cmr/m/n on input line 29.
LaTeX Font Info:    ... okay on input line 29.

(/usr/local/texlive/2007/texmf-dist/tex/context/base/supp-pdf.tex
[Loading MPS to PDF converter (version 2006.09.02).]
\scratchcounter=\count92
\scratchdimen=\dimen107
\scratchbox=\box27
\nofMPsegments=\count93
\nofMParguments=\count94
\MPscratchCnt=\count95
\MPscratchDim=\dimen108
\MPnumerator=\count96
\everyMPtoPDFconversion=\toks15
)
LaTeX Font Info:    External font `cmex10' loaded for size
(Font)              <12> on input line 32.
LaTeX Font Info:    External font `cmex10' loaded for size
(Font)              <8> on input line 32.
LaTeX Font Info:    External font `cmex10' loaded for size
(Font)              <6> on input line 32.
LaTeX Font Info:    Try loading font information for U+lasy on input line 32.
 (/usr/local/texlive/2007/texmf-dist/tex/latex/base/ulasy.fd
File: ulasy.fd 1998/08/17 v2.2e LaTeX symbol font definitions
) [1

{/Users/victor/.texlive2007/texmf-var/fonts/map/pdftex/updmap/pdftex.map

pdfTeX warning: /usr/texbin/pdflatex (file /Users/victor/.texlive2007/texmf-var
/fonts/map/pdftex/updmap/pdftex.map): fontmap entry for `mtex' already exists, 
duplicates ignored


pdfTeX warning: /usr/texbin/pdflatex (file /Users/victor/.texlive2007/texmf-var
/fonts/map/pdftex/updmap/pdftex.map): fontmap entry for `mtsy' already exists, 
duplicates ignored


pdfTeX warning: /usr/texbin/pdflatex (file /Users/victor/.texlive2007/texmf-var
/fonts/map/pdftex/updmap/pdftex.map): fontmap entry for `rmtmi' already exists,
 duplicates ignored
}]
Overfull \hbox (2.35306pt too wide) in paragraph at lines 37--38
\OT1/cmr/m/n/10.95 PhyML+M3L is an ex-ten-sion of the publicly-available source
 code for PhyML
 []

[2] (./phyml+m3l_user_doc.toc
LaTeX Font Info:    External font `cmex10' loaded for size
(Font)              <10.95> on input line 3.
)
\tf@toc=\write3
\openout3 = `phyml+m3l_user_doc.toc'.

 [3] [4]
Overfull \hbox (2.35306pt too wide) in paragraph at lines 66--67
\OT1/cmr/m/n/10.95 PhyML+M3L is an ex-ten-sion of the publicly-available source
 code for PhyML
 []

[5] [6] [7] [8] [9] [10] [11]
<GRAPHICS/a1.pdf, id=45, 755.82375pt x 383.4325pt>
File: GRAPHICS/a1.pdf Graphic file (type pdf)
 <use GRAPHICS/a1.pdf>
Overfull \hbox (37.48499pt too wide) in paragraph at lines 200--201
 [][] 
 []

[12 <./GRAPHICS/a1.pdf>] <GRAPHICS/a2.pdf, id=58, 755.82375pt x 335.2525pt>
File: GRAPHICS/a2.pdf Graphic file (type pdf)

<use GRAPHICS/a2.pdf>
Overfull \hbox (37.48499pt too wide) in paragraph at lines 207--208
 [][] 
 []

[13 <./GRAPHICS/a2.pdf>] <GRAPHICS/a3.pdf, id=72, 755.82375pt x 303.1325pt>
File: GRAPHICS/a3.pdf Graphic file (type pdf)

<use GRAPHICS/a3.pdf>
Overfull \hbox (37.48499pt too wide) in paragraph at lines 214--215
 [][] 
 []

[14 <./GRAPHICS/a3.pdf>] <GRAPHICS/a4.pdf, id=85, 755.82375pt x 303.1325pt>
File: GRAPHICS/a4.pdf Graphic file (type pdf)

<use GRAPHICS/a4.pdf>
Overfull \hbox (37.48499pt too wide) in paragraph at lines 221--222
 [][] 
 []

[15 <./GRAPHICS/a4.pdf>] <GRAPHICS/a5.pdf, id=98, 755.82375pt x 303.1325pt>
File: GRAPHICS/a5.pdf Graphic file (type pdf)

<use GRAPHICS/a5.pdf>
Overfull \hbox (37.48499pt too wide) in paragraph at lines 228--229
 [][] 
 []

[16 <./GRAPHICS/a5.pdf>] <GRAPHICS/a6.pdf, id=111, 755.82375pt x 303.1325pt>
File: GRAPHICS/a6.pdf Graphic file (type pdf)

<use GRAPHICS/a6.pdf>
Overfull \hbox (37.48499pt too wide) in paragraph at lines 235--236
 [][] 
 []

[17 <./GRAPHICS/a6.pdf>] <GRAPHICS/a7.pdf, id=124, 755.82375pt x 303.1325pt>
File: GRAPHICS/a7.pdf Graphic file (type pdf)

<use GRAPHICS/a7.pdf>
Overfull \hbox (37.48499pt too wide) in paragraph at lines 242--243
 [][] 
 []

[18 <./GRAPHICS/a7.pdf>] <GRAPHICS/a8.pdf, id=137, 755.82375pt x 399.4925pt>
File: GRAPHICS/a8.pdf Graphic file (type pdf)

<use GRAPHICS/a8.pdf>
Overfull \hbox (37.48499pt too wide) in paragraph at lines 249--250
 [][] 
 []

[19







 <./GRAPHICS/a8.pdf>] <GRAPHICS/a9.pdf, id=151, 755.82375pt x 383.4325pt>
File: GRAPHICS/a9.pdf Graphic file (type pdf)

<use GRAPHICS/a9.pdf>
Overfull \hbox (37.48499pt too wide) in paragraph at lines 256--257
 [][] 
 []

[20 <./GRAPHICS/a9.pdf>] <GRAPHICS/a10.pdf, id=164, 755.82375pt x 335.2525pt>
File: GRAPHICS/a10.pdf Graphic file (type pdf)

<use GRAPHICS/a10.pdf>
Overfull \hbox (37.48499pt too wide) in paragraph at lines 263--264
 [][] 
 []

[21 <./GRAPHICS/a10.pdf>] <GRAPHICS/a11.pdf, id=177, 755.82375pt x 335.2525pt>
File: GRAPHICS/a11.pdf Graphic file (type pdf)

<use GRAPHICS/a11.pdf>
Overfull \hbox (37.48499pt too wide) in paragraph at lines 270--271
 [][] 
 []

[22 <./GRAPHICS/a11.pdf>] <GRAPHICS/a13.pdf, id=190, 755.82375pt x 335.2525pt>
File: GRAPHICS/a13.pdf Graphic file (type pdf)

<use GRAPHICS/a13.pdf>
Overfull \hbox (37.48499pt too wide) in paragraph at lines 284--285
 [][] 
 []

[23 <./GRAPHICS/a13.pdf>] <GRAPHICS/a14.pdf, id=203, 755.82375pt x 335.2525pt>
File: GRAPHICS/a14.pdf Graphic file (type pdf)

<use GRAPHICS/a14.pdf>
Overfull \hbox (37.48499pt too wide) in paragraph at lines 292--293
 [][] 
 []

[24 <./GRAPHICS/a14.pdf>] <GRAPHICS/a15.pdf, id=216, 755.82375pt x 335.2525pt>
File: GRAPHICS/a15.pdf Graphic file (type pdf)

<use GRAPHICS/a15.pdf>
Overfull \hbox (37.48499pt too wide) in paragraph at lines 299--300
 [][] 
 []

[25 <./GRAPHICS/a15.pdf>] <GRAPHICS/a16.pdf, id=230, 812.03375pt x 913.4125pt>
File: GRAPHICS/a16.pdf Graphic file (type pdf)

<use GRAPHICS/a16.pdf>
Overfull \hbox (37.48499pt too wide) in paragraph at lines 306--307
 [][] 
 []

[26 <./GRAPHICS/a16.pdf>]
File: GRAPHICS/a1.pdf Graphic file (type pdf)
 <use GRAPHICS/a1.pdf>
Overfull \hbox (37.48499pt too wide) in paragraph at lines 318--319
 [][] 
 []

[27








]
File: GRAPHICS/a2.pdf Graphic file (type pdf)
 <use GRAPHICS/a2.pdf>
Overfull \hbox (37.48499pt too wide) in paragraph at lines 325--326
 [][] 
 []

[28] <GRAPHICS/b1.pdf, id=249, 755.82375pt x 383.4325pt>
File: GRAPHICS/b1.pdf Graphic file (type pdf)
 <use GRAPHICS/b1.pdf>
Overfull \hbox (37.48499pt too wide) in paragraph at lines 332--333
 [][] 
 []

[29 <./GRAPHICS/b1.pdf>]
File: GRAPHICS/a8.pdf Graphic file (type pdf)
 <use GRAPHICS/a8.pdf>
Overfull \hbox (37.48499pt too wide) in paragraph at lines 339--340
 [][] 
 []

[30



] <GRAPHICS/b2.pdf, id=265, 755.82375pt x 383.4325pt>
File: GRAPHICS/b2.pdf Graphic file (type pdf)
 <use GRAPHICS/b2.pdf>
Overfull \hbox (37.48499pt too wide) in paragraph at lines 346--347
 [][] 
 []

[31 <./GRAPHICS/b2.pdf>] <GRAPHICS/b3.pdf, id=279, 755.82375pt x 383.4325pt>
File: GRAPHICS/b3.pdf Graphic file (type pdf)

<use GRAPHICS/b3.pdf>
Overfull \hbox (37.48499pt too wide) in paragraph at lines 353--354
 [][] 
 []

[32 <./GRAPHICS/b3.pdf>] <GRAPHICS/b4.pdf, id=292, 755.82375pt x 335.2525pt>
File: GRAPHICS/b4.pdf Graphic file (type pdf)

<use GRAPHICS/b4.pdf>
Overfull \hbox (37.48499pt too wide) in paragraph at lines 360--361
 [][] 
 []

[33 <./GRAPHICS/b4.pdf>] <GRAPHICS/b5.pdf, id=305, 755.82375pt x 383.4325pt>
File: GRAPHICS/b5.pdf Graphic file (type pdf)

<use GRAPHICS/b5.pdf>
Overfull \hbox (37.48499pt too wide) in paragraph at lines 367--368
 [][] 
 []

[34 <./GRAPHICS/b5.pdf>] <GRAPHICS/b6.pdf, id=318, 755.82375pt x 383.4325pt>
File: GRAPHICS/b6.pdf Graphic file (type pdf)

<use GRAPHICS/b6.pdf>
Overfull \hbox (37.48499pt too wide) in paragraph at lines 374--375
 [][] 
 []

[35 <./GRAPHICS/b6.pdf>] <GRAPHICS/b7.pdf, id=331, 748.7975pt x 704.6325pt>
File: GRAPHICS/b7.pdf Graphic file (type pdf)

<use GRAPHICS/b7.pdf>
Overfull \hbox (37.48499pt too wide) in paragraph at lines 381--382
 [][] 
 []

[36 <./GRAPHICS/b7.pdf>] <GRAPHICS/b8.pdf, id=344, 755.82375pt x 431.6125pt>
File: GRAPHICS/b8.pdf Graphic file (type pdf)

<use GRAPHICS/b8.pdf>
Overfull \hbox (37.48499pt too wide) in paragraph at lines 389--390
 [][] 
 []

[37 <./GRAPHICS/b8.pdf>] [38








] [39] [40] [41]
Overfull \hbox (10.44714pt too wide) in paragraph at lines 571--571
[]\OT1/cmr/bx/n/12 How do I vi-su-al-ize a phy-logeny with mixed branch lengths
? 
 []

[42] [43] (./phyml+m3l_user_doc.bbl
Underfull \hbox (badness 1168) in paragraph at lines 34--38
[]\OT1/cmr/m/n/10.95 Huelsenbeck, J. P. and Ran-nala, B. (1997).  Phy-lo-ge-net
ic meth-ods
 []

[44]) [45] (./phyml+m3l_user_doc.aux) ) 
Here is how much of TeX's memory you used:
 1434 strings out of 94073
 18867 string characters out of 1162984
 67713 words of memory out of 1500000
 4713 multiletter control sequences out of 10000+50000
 9749 words of font info for 37 fonts, out of 1200000 for 2000
 645 hyphenation exceptions out of 8191
 25i,8n,32p,1185b,307s stack positions out of 5000i,500n,6000p,200000b,5000s
</usr/local/texlive/2007/texmf-dist/font
s/type1/bluesky/cm/cmbx10.pfb></usr/local/texlive/2007/texmf-dist/fonts/type1/b
luesky/cm/cmbx12.pfb></usr/local/texlive/2007/texmf-dist/fonts/type1/bluesky/cm
/cmmi10.pfb></usr/local/texlive/2007/texmf-dist/fonts/type1/bluesky/cm/cmmi6.pf
b></usr/local/texlive/2007/texmf-dist/fonts/type1/bluesky/cm/cmmi8.pfb></usr/lo
cal/texlive/2007/texmf-dist/fonts/type1/bluesky/cm/cmr10.pfb></usr/local/texliv
e/2007/texmf-dist/fonts/type1/bluesky/cm/cmr12.pfb></usr/local/texlive/2007/tex
mf-dist/fonts/type1/bluesky/cm/cmr17.pfb></usr/local/texlive/2007/texmf-dist/fo
nts/type1/bluesky/cm/cmr6.pfb></usr/local/texlive/2007/texmf-dist/fonts/type1/b
luesky/cm/cmr8.pfb></usr/local/texlive/2007/texmf-dist/fonts/type1/bluesky/cm/c
msy6.pfb></usr/local/texlive/2007/texmf-dist/fonts/type1/bluesky/cm/cmti10.pfb>
</usr/local/texlive/2007/texmf-dist/fonts/type1/bluesky/cm/cmtt10.pfb>
Output written on phyml+m3l_user_doc.pdf (45 pages, 1288426 bytes).
PDF statistics:
 430 PDF objects out of 1000 (max. 8388607)
 0 named destinations out of 1000 (max. 131072)
 116 words of extra memory for PDF output out of 10000 (max. 10000000)

